<?xml version="1.0" encoding="UTF-8"?>
<testng-results ignored="0" total="0" passed="0" failed="0" skipped="0">
  <reporter-output>
  </reporter-output>
  <suite started-at="2022-08-30T20:35:59 IST" name="Suite" finished-at="2022-08-30T20:35:59 IST" duration-ms="453">
    <groups>
    </groups>
    <test started-at="2022-08-30T20:35:59 IST" name="Test1" finished-at="2022-08-30T20:35:59 IST" duration-ms="46">
    </test> <!-- Test1 -->
    <test started-at="2022-08-30T20:35:59 IST" name="Test2" finished-at="2022-08-30T20:35:59 IST" duration-ms="4">
    </test> <!-- Test2 -->
    <test started-at="2022-08-30T20:35:59 IST" name="Test3" finished-at="2022-08-30T20:35:59 IST" duration-ms="12">
    </test> <!-- Test3 -->
  </suite> <!-- Suite -->
</testng-results>
